0 silly argv { _: [ 'run' ],
0 silly argv   scope: '@heather-turano-coaching/design-system',
0 silly argv   stream: true,
0 silly argv   lernaVersion: '3.19.0',
0 silly argv   '$0':
0 silly argv    '/Users/drewdecarme/git-imagined/heather-turano-coaching/live-life-mindful/node_modules/.bin/lerna',
0 silly argv   script: 'start' }
1 notice cli v3.19.0
2 verbose rootPath /Users/drewdecarme/git-imagined/heather-turano-coaching/live-life-mindful
3 info versioning independent
4 notice filter including "@heather-turano-coaching/design-system"
5 info filter [ '@heather-turano-coaching/design-system' ]
6 info Executing command in 1 package: "npm run start"
7 silly npmRunScript.stream [ 'start', [], '@heather-turano-coaching/design-system' ]
8 silly getExecOpts /Users/drewdecarme/git-imagined/heather-turano-coaching/live-life-mindful/packages/design-system undefined
9 error Error: Command failed: npm run start
9 error -
9 error - Compiling modules...
9 error Generated an empty chunk: "index"
9 error Generated an empty chunk: "index"
9 error Generated an empty chunk: "index"
9 error Generated an empty chunk: "index"
9 error Generated an empty chunk: "index"
9 error Generated an empty chunk: "index"
9 error ✔ Compiled successfully
9 error - Compiling modules...
9 error FATAL ERROR: Ineffective mark-compacts near heap limit Allocation failed - JavaScript heap out of memory
9 error  1: 0x10003cf99 node::Abort() [/Users/drewdecarme/.nvm/versions/node/v10.16.0/bin/node]
9 error  2: 0x10003d1a3 node::OnFatalError(char const*, char const*) [/Users/drewdecarme/.nvm/versions/node/v10.16.0/bin/node]
9 error  3: 0x1001b7835 v8::internal::V8::FatalProcessOutOfMemory(v8::internal::Isolate*, char const*, bool) [/Users/drewdecarme/.nvm/versions/node/v10.16.0/bin/node]
9 error  4: 0x100585682 v8::internal::Heap::FatalProcessOutOfMemory(char const*) [/Users/drewdecarme/.nvm/versions/node/v10.16.0/bin/node]
9 error  5: 0x100588155 v8::internal::Heap::CheckIneffectiveMarkCompact(unsigned long, double) [/Users/drewdecarme/.nvm/versions/node/v10.16.0/bin/node]
9 error  6: 0x100583fff v8::internal::Heap::PerformGarbageCollection(v8::internal::GarbageCollector, v8::GCCallbackFlags) [/Users/drewdecarme/.nvm/versions/node/v10.16.0/bin/node]
9 error  7: 0x1005821d4 v8::internal::Heap::CollectGarbage(v8::internal::AllocationSpace, v8::internal::GarbageCollectionReason, v8::GCCallbackFlags) [/Users/drewdecarme/.nvm/versions/node/v10.16.0/bin/node]
9 error  8: 0x10058ea6c v8::internal::Heap::AllocateRawWithLigthRetry(int, v8::internal::AllocationSpace, v8::internal::AllocationAlignment) [/Users/drewdecarme/.nvm/versions/node/v10.16.0/bin/node]
9 error  9: 0x10058eaef v8::internal::Heap::AllocateRawWithRetryOrFail(int, v8::internal::AllocationSpace, v8::internal::AllocationAlignment) [/Users/drewdecarme/.nvm/versions/node/v10.16.0/bin/node]
9 error 10: 0x10055e434 v8::internal::Factory::NewFillerObject(int, bool, v8::internal::AllocationSpace) [/Users/drewdecarme/.nvm/versions/node/v10.16.0/bin/node]
9 error 11: 0x1007e6714 v8::internal::Runtime_AllocateInNewSpace(int, v8::internal::Object**, v8::internal::Isolate*) [/Users/drewdecarme/.nvm/versions/node/v10.16.0/bin/node]
9 error 12: 0x2ee6b31dbe3d
9 error
9 error
9 error > @heather-turano-coaching/design-system@0.1.0 start /Users/drewdecarme/git-imagined/heather-turano-coaching/live-life-mindful/packages/design-system
9 error > tsdx watch --entry=src/**/index.ts
9 error
9 error [2J[3J[H
9 error   Watching for changes
9 error
9 error [2J[3J[H
9 error <--- Last few GCs --->
9 error
9 error [26602:0x108000000]   814165 ms: Mark-sweep 1389.2 (1425.0) -> 1388.5 (1425.0) MB, 549.0 / 0.0 ms  (average mu = 0.142, current mu = 0.011) allocation failure scavenge might not succeed
9 error [26602:0x108000000]   815140 ms: Mark-sweep 1389.4 (1425.0) -> 1388.6 (1425.5) MB, 881.8 / 0.0 ms  (average mu = 0.117, current mu = 0.096) allocation failure scavenge might not succeed
9 error
9 error
9 error <--- JS stacktrace --->
9 error
9 error ==== JS stack trace =========================================
9 error
9 error     0: ExitFrame [pc: 0x2ee6b31dbe3d]
9 error     1: StubFrame [pc: 0x2ee6b31910cb]
9 error Security context: 0x14236ca9e6e9 <JSObject>
9 error     2: scanJsDocToken [0x142345475989] [/Users/drewdecarme/git-imagined/heather-turano-coaching/live-life-mindful/node_modules/typescript/lib/typescript.js:~9581] [pc=0x2ee6b3562277](this=0x1423c40db139 <Object map = 0x142314c76c39>)
9 error     3: /* anonymous */(aka /* anonymous */) [0x1423c2a21311] [/Users/drewdecarme/git-ima...
9 error
9 error
9 error     at makeError (/Users/drewdecarme/git-imagined/heather-turano-coaching/live-life-mindful/node_modules/@lerna/child-process/node_modules/execa/index.js:174:9)
9 error     at Promise.all.then.arr (/Users/drewdecarme/git-imagined/heather-turano-coaching/live-life-mindful/node_modules/@lerna/child-process/node_modules/execa/index.js:278:16)
